# JRE version: OpenJDK Runtime Environment Temurin-17.0.13+11 (17.0.13+11) (build 17.0.13+11)
# Java VM: OpenJDK 64-Bit Server VM Temurin-17.0.13+11 (17.0.13+11, mixed mode, tiered, compressed oops, compressed class ptrs, parallel gc, bsd-amd64)
GC Precious Log:
 CPUs: 16 total, 16 available
 Memory: 16384M
 Large Page Support: Disabled
 NUMA Support: Disabled
 Compressed Oops: Enabled (Zero based)
 Alignments: Space 512K, Generation 512K, Heap 2M
 Heap Min Capacity: 100M
 Heap Initial Capacity: 100M
 Heap Max Capacity: 1G
 Pre-touch: Disabled
 Parallel Workers: 13
Heap:
 PSYoungGen      total 22016K, used 21871K [0x00000007eab00000, 0x00000007ec480000, 0x0000000800000000)
  eden space 17920K, 100% used [0x00000007eab00000,0x00000007ebc80000,0x00000007ebc80000)
  from space 4096K, 96% used [0x00000007ebc80000,0x00000007ec05bfd8,0x00000007ec080000)
  to   space 4096K, 0% used [0x00000007ec080000,0x00000007ec080000,0x00000007ec480000)
 ParOldGen       total 116736K, used 88067K [0x00000007c0000000, 0x00000007c7200000, 0x00000007eab00000)
  object space 116736K, 75% used [0x00000007c0000000,0x00000007c5600fe8,0x00000007c7200000)
 Metaspace       used 61999K, committed 62976K, reserved 1114112K
  class space    used 6577K, committed 6976K, reserved 1048576K
GC Heap History (20 events):
Event: 3.506 GC heap before
{Heap before GC invocations=36 (full 3):
 PSYoungGen      total 22016K, used 17920K [0x00000007eab00000, 0x00000007ec480000, 0x0000000800000000)
  eden space 17920K, 100% used [0x00000007eab00000,0x00000007ebc80000,0x00000007ebc80000)
  from space 4096K, 0% used [0x00000007ebc80000,0x00000007ebc80000,0x00000007ec080000)
  to   space 4096K, 0% used [0x00000007ec080000,0x00000007ec080000,0x00000007ec480000)
 ParOldGen       total 89600K, used 62057K [0x00000007c0000000, 0x00000007c5780000, 0x00000007eab00000)
  object space 89600K, 69% used [0x00000007c0000000,0x00000007c3c9a460,0x00000007c5780000)
 Metaspace       used 58689K, committed 59776K, reserved 1114112K
  class space    used 6242K, committed 6720K, reserved 1048576K
}
Event: 3.508 GC heap after
{Heap after GC invocations=36 (full 3):
 PSYoungGen      total 22016K, used 3703K [0x00000007eab00000, 0x00000007ec480000, 0x0000000800000000)
  eden space 17920K, 0% used [0x00000007eab00000,0x00000007eab00000,0x00000007ebc80000)
  from space 4096K, 90% used [0x00000007ec080000,0x00000007ec41dc00,0x00000007ec480000)
  to   space 4096K, 0% used [0x00000007ebc80000,0x00000007ebc80000,0x00000007ec080000)
 ParOldGen       total 89600K, used 62065K [0x00000007c0000000, 0x00000007c5780000, 0x00000007eab00000)
  object space 89600K, 69% used [0x00000007c0000000,0x00000007c3c9c460,0x00000007c5780000)
 Metaspace       used 58689K, committed 59776K, reserved 1114112K
  class space    used 6242K, committed 6720K, reserved 1048576K
}
Event: 3.584 GC heap before
{Heap before GC invocations=37 (full 3):
 PSYoungGen      total 22016K, used 21622K [0x00000007eab00000, 0x00000007ec480000, 0x0000000800000000)
  eden space 17920K, 99% used [0x00000007eab00000,0x00000007ebc7fe18,0x00000007ebc80000)
  from space 4096K, 90% used [0x00000007ec080000,0x00000007ec41dc00,0x00000007ec480000)
  to   space 4096K, 0% used [0x00000007ebc80000,0x00000007ebc80000,0x00000007ec080000)
 ParOldGen       total 89600K, used 62065K [0x00000007c0000000, 0x00000007c5780000, 0x00000007eab00000)
  object space 89600K, 69% used [0x00000007c0000000,0x00000007c3c9c460,0x00000007c5780000)
 Metaspace       used 58950K, committed 60032K, reserved 1114112K
  class space    used 6265K, committed 6720K, reserved 1048576K
}
Event: 3.587 GC heap after
{Heap after GC invocations=37 (full 3):
 PSYoungGen      total 22016K, used 4082K [0x00000007eab00000, 0x00000007ec580000, 0x0000000800000000)
  eden space 17920K, 0% used [0x00000007eab00000,0x00000007eab00000,0x00000007ebc80000)
  from space 4096K, 99% used [0x00000007ebc80000,0x00000007ec07cbd8,0x00000007ec080000)
  to   space 4608K, 0% used [0x00000007ec100000,0x00000007ec100000,0x00000007ec580000)
 ParOldGen       total 89600K, used 65414K [0x00000007c0000000, 0x00000007c5780000, 0x00000007eab00000)
  object space 89600K, 73% used [0x00000007c0000000,0x00000007c3fe1bb8,0x00000007c5780000)
 Metaspace       used 58950K, committed 60032K, reserved 1114112K
  class space    used 6265K, committed 6720K, reserved 1048576K
}
Event: 3.650 GC heap before
{Heap before GC invocations=38 (full 3):
 PSYoungGen      total 22016K, used 22001K [0x00000007eab00000, 0x00000007ec580000, 0x0000000800000000)
  eden space 17920K, 99% used [0x00000007eab00000,0x00000007ebc7f9c0,0x00000007ebc80000)
  from space 4096K, 99% used [0x00000007ebc80000,0x00000007ec07cbd8,0x00000007ec080000)
  to   space 4608K, 0% used [0x00000007ec100000,0x00000007ec100000,0x00000007ec580000)
 ParOldGen       total 89600K, used 65414K [0x00000007c0000000, 0x00000007c5780000, 0x00000007eab00000)
  object space 89600K, 73% used [0x00000007c0000000,0x00000007c3fe1bb8,0x00000007c5780000)
 Metaspace       used 59378K, committed 60416K, reserved 1114112K
  class space    used 6307K, committed 6784K, reserved 1048576K
}
Event: 3.652 GC heap after
{Heap after GC invocations=38 (full 3):
 PSYoungGen      total 22016K, used 3590K [0x00000007eab00000, 0x00000007ec500000, 0x0000000800000000)
  eden space 17920K, 0% used [0x00000007eab00000,0x00000007eab00000,0x00000007ebc80000)
  from space 4096K, 87% used [0x00000007ec100000,0x00000007ec481900,0x00000007ec500000)
  to   space 4096K, 0% used [0x00000007ebc80000,0x00000007ebc80000,0x00000007ec080000)
 ParOldGen       total 89600K, used 69325K [0x00000007c0000000, 0x00000007c5780000, 0x00000007eab00000)
  object space 89600K, 77% used [0x00000007c0000000,0x00000007c43b36c0,0x00000007c5780000)
 Metaspace       used 59378K, committed 60416K, reserved 1114112K
  class space    used 6307K, committed 6784K, reserved 1048576K
}
Event: 3.699 GC heap before
{Heap before GC invocations=39 (full 3):
 PSYoungGen      total 22016K, used 21510K [0x00000007eab00000, 0x00000007ec500000, 0x0000000800000000)
  eden space 17920K, 100% used [0x00000007eab00000,0x00000007ebc80000,0x00000007ebc80000)
  from space 4096K, 87% used [0x00000007ec100000,0x00000007ec481900,0x00000007ec500000)
  to   space 4096K, 0% used [0x00000007ebc80000,0x00000007ebc80000,0x00000007ec080000)
 ParOldGen       total 89600K, used 69325K [0x00000007c0000000, 0x00000007c5780000, 0x00000007eab00000)
  object space 89600K, 77% used [0x00000007c0000000,0x00000007c43b36c0,0x00000007c5780000)
 Metaspace       used 59876K, committed 60928K, reserved 1114112K
  class space    used 6368K, committed 6784K, reserved 1048576K
}
Event: 3.701 GC heap after
{Heap after GC invocations=39 (full 3):
 PSYoungGen      total 22016K, used 3812K [0x00000007eab00000, 0x00000007ec480000, 0x0000000800000000)
  eden space 17920K, 0% used [0x00000007eab00000,0x00000007eab00000,0x00000007ebc80000)
  from space 4096K, 93% used [0x00000007ebc80000,0x00000007ec039108,0x00000007ec080000)
  to   space 4096K, 0% used [0x00000007ec080000,0x00000007ec080000,0x00000007ec480000)
 ParOldGen       total 89600K, used 72574K [0x00000007c0000000, 0x00000007c5780000, 0x00000007eab00000)
  object space 89600K, 80% used [0x00000007c0000000,0x00000007c46df948,0x00000007c5780000)
 Metaspace       used 59876K, committed 60928K, reserved 1114112K
  class space    used 6368K, committed 6784K, reserved 1048576K
}
Event: 3.744 GC heap before
{Heap before GC invocations=40 (full 3):
 PSYoungGen      total 22016K, used 21732K [0x00000007eab00000, 0x00000007ec480000, 0x0000000800000000)
  eden space 17920K, 100% used [0x00000007eab00000,0x00000007ebc80000,0x00000007ebc80000)
  from space 4096K, 93% used [0x00000007ebc80000,0x00000007ec039108,0x00000007ec080000)
  to   space 4096K, 0% used [0x00000007ec080000,0x00000007ec080000,0x00000007ec480000)
 ParOldGen       total 89600K, used 72574K [0x00000007c0000000, 0x00000007c5780000, 0x00000007eab00000)
  object space 89600K, 80% used [0x00000007c0000000,0x00000007c46df948,0x00000007c5780000)
 Metaspace       used 60176K, committed 61248K, reserved 1114112K
  class space    used 6392K, committed 6848K, reserved 1048576K
}
Event: 3.748 GC heap after
{Heap after GC invocations=40 (full 3):
 PSYoungGen      total 22016K, used 3985K [0x00000007eab00000, 0x00000007ec480000, 0x0000000800000000)
  eden space 17920K, 0% used [0x00000007eab00000,0x00000007eab00000,0x00000007ebc80000)
  from space 4096K, 97% used [0x00000007ec080000,0x00000007ec464480,0x00000007ec480000)
  to   space 4096K, 0% used [0x00000007ebc80000,0x00000007ebc80000,0x00000007ec080000)
 ParOldGen       total 89600K, used 76094K [0x00000007c0000000, 0x00000007c5780000, 0x00000007eab00000)
  object space 89600K, 84% used [0x00000007c0000000,0x00000007c4a4faa0,0x00000007c5780000)
 Metaspace       used 60176K, committed 61248K, reserved 1114112K
  class space    used 6392K, committed 6848K, reserved 1048576K
}
Event: 3.795 GC heap before
{Heap before GC invocations=41 (full 3):
 PSYoungGen      total 22016K, used 21905K [0x00000007eab00000, 0x00000007ec480000, 0x0000000800000000)
  eden space 17920K, 100% used [0x00000007eab00000,0x00000007ebc80000,0x00000007ebc80000)
  from space 4096K, 97% used [0x00000007ec080000,0x00000007ec464480,0x00000007ec480000)
  to   space 4096K, 0% used [0x00000007ebc80000,0x00000007ebc80000,0x00000007ec080000)
 ParOldGen       total 89600K, used 76094K [0x00000007c0000000, 0x00000007c5780000, 0x00000007eab00000)
  object space 89600K, 84% used [0x00000007c0000000,0x00000007c4a4faa0,0x00000007c5780000)
 Metaspace       used 60341K, committed 61440K, reserved 1114112K
  class space    used 6396K, committed 6848K, reserved 1048576K
}
Event: 3.799 GC heap after
{Heap after GC invocations=41 (full 3):
 PSYoungGen      total 22016K, used 4086K [0x00000007eab00000, 0x00000007ecd80000, 0x0000000800000000)
  eden space 17920K, 0% used [0x00000007eab00000,0x00000007eab00000,0x00000007ebc80000)
  from space 4096K, 99% used [0x00000007ebc80000,0x00000007ec07dbd0,0x00000007ec080000)
  to   space 8704K, 0% used [0x00000007ec500000,0x00000007ec500000,0x00000007ecd80000)
 ParOldGen       total 89600K, used 79903K [0x00000007c0000000, 0x00000007c5780000, 0x00000007eab00000)
  object space 89600K, 89% used [0x00000007c0000000,0x00000007c4e07fe8,0x00000007c5780000)
 Metaspace       used 60341K, committed 61440K, reserved 1114112K
  class space    used 6396K, committed 6848K, reserved 1048576K
}
Event: 3.845 GC heap before
{Heap before GC invocations=42 (full 3):
 PSYoungGen      total 22016K, used 22006K [0x00000007eab00000, 0x00000007ecd80000, 0x0000000800000000)
  eden space 17920K, 100% used [0x00000007eab00000,0x00000007ebc80000,0x00000007ebc80000)
  from space 4096K, 99% used [0x00000007ebc80000,0x00000007ec07dbd0,0x00000007ec080000)
  to   space 8704K, 0% used [0x00000007ec500000,0x00000007ec500000,0x00000007ecd80000)
 ParOldGen       total 89600K, used 79903K [0x00000007c0000000, 0x00000007c5780000, 0x00000007eab00000)
  object space 89600K, 89% used [0x00000007c0000000,0x00000007c4e07fe8,0x00000007c5780000)
 Metaspace       used 60549K, committed 61568K, reserved 1114112K
  class space    used 6413K, committed 6848K, reserved 1048576K
}
Event: 3.849 GC heap after
{Heap after GC invocations=42 (full 3):
 PSYoungGen      total 22016K, used 3931K [0x00000007eab00000, 0x00000007ec900000, 0x0000000800000000)
  eden space 17920K, 0% used [0x00000007eab00000,0x00000007eab00000,0x00000007ebc80000)
  from space 4096K, 95% used [0x00000007ec500000,0x00000007ec8d6c98,0x00000007ec900000)
  to   space 5632K, 0% used [0x00000007ebe00000,0x00000007ebe00000,0x00000007ec380000)
 ParOldGen       total 89600K, used 83887K [0x00000007c0000000, 0x00000007c5780000, 0x00000007eab00000)
  object space 89600K, 93% used [0x00000007c0000000,0x00000007c51ebfe0,0x00000007c5780000)
 Metaspace       used 60549K, committed 61568K, reserved 1114112K
  class space    used 6413K, committed 6848K, reserved 1048576K
}
Event: 3.892 GC heap before
{Heap before GC invocations=43 (full 3):
 PSYoungGen      total 22016K, used 21851K [0x00000007eab00000, 0x00000007ec900000, 0x0000000800000000)
  eden space 17920K, 100% used [0x00000007eab00000,0x00000007ebc80000,0x00000007ebc80000)
  from space 4096K, 95% used [0x00000007ec500000,0x00000007ec8d6c98,0x00000007ec900000)
  to   space 5632K, 0% used [0x00000007ebe00000,0x00000007ebe00000,0x00000007ec380000)
 ParOldGen       total 89600K, used 83887K [0x00000007c0000000, 0x00000007c5780000, 0x00000007eab00000)
  object space 89600K, 93% used [0x00000007c0000000,0x00000007c51ebfe0,0x00000007c5780000)
 Metaspace       used 60744K, committed 61760K, reserved 1114112K
  class space    used 6420K, committed 6848K, reserved 1048576K
}
Event: 3.896 GC heap after
{Heap after GC invocations=43 (full 3):
 PSYoungGen      total 22016K, used 4046K [0x00000007eab00000, 0x00000007ec580000, 0x0000000800000000)
  eden space 17920K, 0% used [0x00000007eab00000,0x00000007eab00000,0x00000007ebc80000)
  from space 4096K, 98% used [0x00000007ebe00000,0x00000007ec1f3920,0x00000007ec200000)
  to   space 3584K, 0% used [0x00000007ec200000,0x00000007ec200000,0x00000007ec580000)
 ParOldGen       total 89600K, used 87597K [0x00000007c0000000, 0x00000007c5780000, 0x00000007eab00000)
  object space 89600K, 97% used [0x00000007c0000000,0x00000007c558b5e0,0x00000007c5780000)
 Metaspace       used 60744K, committed 61760K, reserved 1114112K
  class space    used 6420K, committed 6848K, reserved 1048576K
}
Event: 3.938 GC heap before
{Heap before GC invocations=44 (full 4):
 PSYoungGen      total 22016K, used 21966K [0x00000007eab00000, 0x00000007ec580000, 0x0000000800000000)
  eden space 17920K, 100% used [0x00000007eab00000,0x00000007ebc80000,0x00000007ebc80000)
  from space 4096K, 98% used [0x00000007ebe00000,0x00000007ec1f3920,0x00000007ec200000)
  to   space 3584K, 0% used [0x00000007ec200000,0x00000007ec200000,0x00000007ec580000)
 ParOldGen       total 89600K, used 87597K [0x00000007c0000000, 0x00000007c5780000, 0x00000007eab00000)
  object space 89600K, 97% used [0x00000007c0000000,0x00000007c558b5e0,0x00000007c5780000)
 Metaspace       used 60930K, committed 61952K, reserved 1114112K
  class space    used 6436K, committed 6848K, reserved 1048576K
}
Event: 3.985 GC heap after
{Heap after GC invocations=44 (full 4):
 PSYoungGen      total 21504K, used 0K [0x00000007eab00000, 0x00000007ec580000, 0x0000000800000000)
  eden space 17920K, 0% used [0x00000007eab00000,0x00000007eab00000,0x00000007ebc80000)
  from space 3584K, 0% used [0x00000007ec200000,0x00000007ec200000,0x00000007ec580000)
  to   space 4608K, 0% used [0x00000007ebc80000,0x00000007ebc80000,0x00000007ec100000)
 ParOldGen       total 116736K, used 88059K [0x00000007c0000000, 0x00000007c7200000, 0x00000007eab00000)
  object space 116736K, 75% used [0x00000007c0000000,0x00000007c55fefe8,0x00000007c7200000)
 Metaspace       used 60930K, committed 61952K, reserved 1114112K
  class space    used 6436K, committed 6848K, reserved 1048576K
}
Event: 4.022 GC heap before
{Heap before GC invocations=45 (full 4):
 PSYoungGen      total 21504K, used 17920K [0x00000007eab00000, 0x00000007ec580000, 0x0000000800000000)
  eden space 17920K, 100% used [0x00000007eab00000,0x00000007ebc80000,0x00000007ebc80000)
  from space 3584K, 0% used [0x00000007ec200000,0x00000007ec200000,0x00000007ec580000)
  to   space 4608K, 0% used [0x00000007ebc80000,0x00000007ebc80000,0x00000007ec100000)
 ParOldGen       total 116736K, used 88059K [0x00000007c0000000, 0x00000007c7200000, 0x00000007eab00000)
  object space 116736K, 75% used [0x00000007c0000000,0x00000007c55fefe8,0x00000007c7200000)
 Metaspace       used 61504K, committed 62592K, reserved 1114112K
  class space    used 6520K, committed 6976K, reserved 1048576K
}
Event: 4.023 GC heap after
{Heap after GC invocations=45 (full 4):
 PSYoungGen      total 22016K, used 3951K [0x00000007eab00000, 0x00000007ec480000, 0x0000000800000000)
  eden space 17920K, 0% used [0x00000007eab00000,0x00000007eab00000,0x00000007ebc80000)
  from space 4096K, 96% used [0x00000007ebc80000,0x00000007ec05bfd8,0x00000007ec080000)
  to   space 4096K, 0% used [0x00000007ec080000,0x00000007ec080000,0x00000007ec480000)
 ParOldGen       total 116736K, used 88067K [0x00000007c0000000, 0x00000007c7200000, 0x00000007eab00000)
  object space 116736K, 75% used [0x00000007c0000000,0x00000007c5600fe8,0x00000007c7200000)
 Metaspace       used 61504K, committed 62592K, reserved 1114112K
  class space    used 6520K, committed 6976K, reserved 1048576K
}

