# JRE version: OpenJDK Runtime Environment Temurin-17.0.11+9 (17.0.11+9) (build 17.0.11+9)
# Java VM: OpenJDK 64-Bit Server VM Temurin-17.0.11+9 (17.0.11+9, mixed mode, tiered, compressed oops, compressed class ptrs, parallel gc, bsd-amd64)
GC Precious Log:
 CPUs: 16 total, 16 available
 Memory: 16384M
 Large Page Support: Disabled
 NUMA Support: Disabled
 Compressed Oops: Enabled (Zero based)
 Alignments: Space 512K, Generation 512K, Heap 2M
 Heap Min Capacity: 100M
 Heap Initial Capacity: 100M
 Heap Max Capacity: 1G
 Pre-touch: Disabled
 Parallel Workers: 13
Heap:
 PSYoungGen      total 1024K, used 488K [0x00000007eab00000, 0x00000007eb600000, 0x0000000800000000)
  eden space 512K, 0% used [0x00000007eab00000,0x00000007eab00000,0x00000007eab80000)
  from space 512K, 95% used [0x00000007eaf80000,0x00000007eaffa250,0x00000007eb000000)
  to   space 4096K, 0% used [0x00000007eab80000,0x00000007eab80000,0x00000007eaf80000)
 ParOldGen       total 114688K, used 113890K [0x00000007c0000000, 0x00000007c7000000, 0x00000007eab00000)
  object space 114688K, 99% used [0x00000007c0000000,0x00000007c6f38a58,0x00000007c7000000)
 Metaspace       used 76266K, committed 77632K, reserved 1179648K
  class space    used 8137K, committed 8768K, reserved 1048576K
GC Heap History (20 events):
Event: 15835.449 GC heap after
{Heap after GC invocations=150 (full 6):
 PSYoungGen      total 2048K, used 936K [0x00000007eab00000, 0x00000007eaf80000, 0x0000000800000000)
  eden space 1024K, 0% used [0x00000007eab00000,0x00000007eab00000,0x00000007eac00000)
  from space 1024K, 91% used [0x00000007eac00000,0x00000007eacea250,0x00000007ead00000)
  to   space 1536K, 0% used [0x00000007eae00000,0x00000007eae00000,0x00000007eaf80000)
 ParOldGen       total 114688K, used 105470K [0x00000007c0000000, 0x00000007c7000000, 0x00000007eab00000)
  object space 114688K, 91% used [0x00000007c0000000,0x00000007c66ff928,0x00000007c7000000)
 Metaspace       used 76022K, committed 77440K, reserved 1179648K
  class space    used 8120K, committed 8768K, reserved 1048576K
}
Event: 15835.452 GC heap before
{Heap before GC invocations=151 (full 6):
 PSYoungGen      total 2048K, used 1960K [0x00000007eab00000, 0x00000007eaf80000, 0x0000000800000000)
  eden space 1024K, 100% used [0x00000007eab00000,0x00000007eac00000,0x00000007eac00000)
  from space 1024K, 91% used [0x00000007eac00000,0x00000007eacea250,0x00000007ead00000)
  to   space 1536K, 0% used [0x00000007eae00000,0x00000007eae00000,0x00000007eaf80000)
 ParOldGen       total 114688K, used 105470K [0x00000007c0000000, 0x00000007c7000000, 0x00000007eab00000)
  object space 114688K, 91% used [0x00000007c0000000,0x00000007c66ff928,0x00000007c7000000)
 Metaspace       used 76022K, committed 77440K, reserved 1179648K
  class space    used 8120K, committed 8768K, reserved 1048576K
}
Event: 15835.455 GC heap after
{Heap after GC invocations=151 (full 6):
 PSYoungGen      total 3072K, used 1152K [0x00000007eab00000, 0x00000007eaf80000, 0x0000000800000000)
  eden space 1536K, 0% used [0x00000007eab00000,0x00000007eab00000,0x00000007eac80000)
  from space 1536K, 75% used [0x00000007eae00000,0x00000007eaf20000,0x00000007eaf80000)
  to   space 1536K, 0% used [0x00000007eac80000,0x00000007eac80000,0x00000007eae00000)
 ParOldGen       total 114688K, used 106226K [0x00000007c0000000, 0x00000007c7000000, 0x00000007eab00000)
  object space 114688K, 92% used [0x00000007c0000000,0x00000007c67bcb88,0x00000007c7000000)
 Metaspace       used 76022K, committed 77440K, reserved 1179648K
  class space    used 8120K, committed 8768K, reserved 1048576K
}
Event: 15835.459 GC heap before
{Heap before GC invocations=152 (full 6):
 PSYoungGen      total 3072K, used 2688K [0x00000007eab00000, 0x00000007eaf80000, 0x0000000800000000)
  eden space 1536K, 100% used [0x00000007eab00000,0x00000007eac80000,0x00000007eac80000)
  from space 1536K, 75% used [0x00000007eae00000,0x00000007eaf20000,0x00000007eaf80000)
  to   space 1536K, 0% used [0x00000007eac80000,0x00000007eac80000,0x00000007eae00000)
 ParOldGen       total 114688K, used 106226K [0x00000007c0000000, 0x00000007c7000000, 0x00000007eab00000)
  object space 114688K, 92% used [0x00000007c0000000,0x00000007c67bcb88,0x00000007c7000000)
 Metaspace       used 76022K, committed 77440K, reserved 1179648K
  class space    used 8120K, committed 8768K, reserved 1048576K
}
Event: 15835.462 GC heap after
{Heap after GC invocations=152 (full 6):
 PSYoungGen      total 3072K, used 1536K [0x00000007eab00000, 0x00000007eb300000, 0x0000000800000000)
  eden space 1536K, 0% used [0x00000007eab00000,0x00000007eab00000,0x00000007eac80000)
  from space 1536K, 100% used [0x00000007eac80000,0x00000007eae00000,0x00000007eae00000)
  to   space 3072K, 0% used [0x00000007eb000000,0x00000007eb000000,0x00000007eb300000)
 ParOldGen       total 114688K, used 107306K [0x00000007c0000000, 0x00000007c7000000, 0x00000007eab00000)
  object space 114688K, 93% used [0x00000007c0000000,0x00000007c68cab88,0x00000007c7000000)
 Metaspace       used 76022K, committed 77440K, reserved 1179648K
  class space    used 8120K, committed 8768K, reserved 1048576K
}
Event: 15835.469 GC heap before
{Heap before GC invocations=153 (full 6):
 PSYoungGen      total 3072K, used 3072K [0x00000007eab00000, 0x00000007eb300000, 0x0000000800000000)
  eden space 1536K, 100% used [0x00000007eab00000,0x00000007eac80000,0x00000007eac80000)
  from space 1536K, 100% used [0x00000007eac80000,0x00000007eae00000,0x00000007eae00000)
  to   space 3072K, 0% used [0x00000007eb000000,0x00000007eb000000,0x00000007eb300000)
 ParOldGen       total 114688K, used 107306K [0x00000007c0000000, 0x00000007c7000000, 0x00000007eab00000)
  object space 114688K, 93% used [0x00000007c0000000,0x00000007c68cab88,0x00000007c7000000)
 Metaspace       used 76025K, committed 77440K, reserved 1179648K
  class space    used 8120K, committed 8768K, reserved 1048576K
}
Event: 15835.475 GC heap after
{Heap after GC invocations=153 (full 6):
 PSYoungGen      total 3584K, used 1152K [0x00000007eab00000, 0x00000007eb180000, 0x0000000800000000)
  eden space 2048K, 0% used [0x00000007eab00000,0x00000007eab00000,0x00000007ead00000)
  from space 1536K, 75% used [0x00000007eb000000,0x00000007eb120030,0x00000007eb180000)
  to   space 2048K, 0% used [0x00000007ead80000,0x00000007ead80000,0x00000007eaf80000)
 ParOldGen       total 114688K, used 108874K [0x00000007c0000000, 0x00000007c7000000, 0x00000007eab00000)
  object space 114688K, 94% used [0x00000007c0000000,0x00000007c6a52b88,0x00000007c7000000)
 Metaspace       used 76025K, committed 77440K, reserved 1179648K
  class space    used 8120K, committed 8768K, reserved 1048576K
}
Event: 15835.805 GC heap before
{Heap before GC invocations=154 (full 6):
 PSYoungGen      total 3584K, used 3200K [0x00000007eab00000, 0x00000007eb180000, 0x0000000800000000)
  eden space 2048K, 100% used [0x00000007eab00000,0x00000007ead00000,0x00000007ead00000)
  from space 1536K, 75% used [0x00000007eb000000,0x00000007eb120030,0x00000007eb180000)
  to   space 2048K, 0% used [0x00000007ead80000,0x00000007ead80000,0x00000007eaf80000)
 ParOldGen       total 114688K, used 108874K [0x00000007c0000000, 0x00000007c7000000, 0x00000007eab00000)
  object space 114688K, 94% used [0x00000007c0000000,0x00000007c6a52b88,0x00000007c7000000)
 Metaspace       used 76037K, committed 77440K, reserved 1179648K
  class space    used 8121K, committed 8768K, reserved 1048576K
}
Event: 15835.807 GC heap after
{Heap after GC invocations=154 (full 6):
 PSYoungGen      total 4608K, used 672K [0x00000007eab00000, 0x00000007eb080000, 0x0000000800000000)
  eden space 2560K, 0% used [0x00000007eab00000,0x00000007eab00000,0x00000007ead80000)
  from space 2048K, 32% used [0x00000007ead80000,0x00000007eae28020,0x00000007eaf80000)
  to   space 1024K, 0% used [0x00000007eaf80000,0x00000007eaf80000,0x00000007eb080000)
 ParOldGen       total 114688K, used 109826K [0x00000007c0000000, 0x00000007c7000000, 0x00000007eab00000)
  object space 114688K, 95% used [0x00000007c0000000,0x00000007c6b40ba8,0x00000007c7000000)
 Metaspace       used 76037K, committed 77440K, reserved 1179648K
  class space    used 8121K, committed 8768K, reserved 1048576K
}
Event: 15835.903 GC heap before
{Heap before GC invocations=155 (full 6):
 PSYoungGen      total 4608K, used 3219K [0x00000007eab00000, 0x00000007eb080000, 0x0000000800000000)
  eden space 2560K, 99% used [0x00000007eab00000,0x00000007ead7cec0,0x00000007ead80000)
  from space 2048K, 32% used [0x00000007ead80000,0x00000007eae28020,0x00000007eaf80000)
  to   space 1024K, 0% used [0x00000007eaf80000,0x00000007eaf80000,0x00000007eb080000)
 ParOldGen       total 114688K, used 109826K [0x00000007c0000000, 0x00000007c7000000, 0x00000007eab00000)
  object space 114688K, 95% used [0x00000007c0000000,0x00000007c6b40ba8,0x00000007c7000000)
 Metaspace       used 76061K, committed 77440K, reserved 1179648K
  class space    used 8121K, committed 8768K, reserved 1048576K
}
Event: 15835.905 GC heap after
{Heap after GC invocations=155 (full 6):
 PSYoungGen      total 3584K, used 448K [0x00000007eab00000, 0x00000007eb000000, 0x0000000800000000)
  eden space 3072K, 0% used [0x00000007eab00000,0x00000007eab00000,0x00000007eae00000)
  from space 512K, 87% used [0x00000007eaf80000,0x00000007eaff0020,0x00000007eb000000)
  to   space 1024K, 0% used [0x00000007eae00000,0x00000007eae00000,0x00000007eaf00000)
 ParOldGen       total 114688K, used 110304K [0x00000007c0000000, 0x00000007c7000000, 0x00000007eab00000)
  object space 114688K, 96% used [0x00000007c0000000,0x00000007c6bb8068,0x00000007c7000000)
 Metaspace       used 76061K, committed 77440K, reserved 1179648K
  class space    used 8121K, committed 8768K, reserved 1048576K
}
Event: 15836.761 GC heap before
{Heap before GC invocations=156 (full 6):
 PSYoungGen      total 3584K, used 3515K [0x00000007eab00000, 0x00000007eb000000, 0x0000000800000000)
  eden space 3072K, 99% used [0x00000007eab00000,0x00000007eadfefd0,0x00000007eae00000)
  from space 512K, 87% used [0x00000007eaf80000,0x00000007eaff0020,0x00000007eb000000)
  to   space 1024K, 0% used [0x00000007eae00000,0x00000007eae00000,0x00000007eaf00000)
 ParOldGen       total 114688K, used 110304K [0x00000007c0000000, 0x00000007c7000000, 0x00000007eab00000)
  object space 114688K, 96% used [0x00000007c0000000,0x00000007c6bb8068,0x00000007c7000000)
 Metaspace       used 76089K, committed 77504K, reserved 1179648K
  class space    used 8121K, committed 8768K, reserved 1048576K
}
Event: 15836.762 GC heap after
{Heap after GC invocations=156 (full 6):
 PSYoungGen      total 4096K, used 320K [0x00000007eab00000, 0x00000007eb000000, 0x0000000800000000)
  eden space 3072K, 0% used [0x00000007eab00000,0x00000007eab00000,0x00000007eae00000)
  from space 1024K, 31% used [0x00000007eae00000,0x00000007eae50000,0x00000007eaf00000)
  to   space 512K, 0% used [0x00000007eaf80000,0x00000007eaf80000,0x00000007eb000000)
 ParOldGen       total 114688K, used 110456K [0x00000007c0000000, 0x00000007c7000000, 0x00000007eab00000)
  object space 114688K, 96% used [0x00000007c0000000,0x00000007c6bde068,0x00000007c7000000)
 Metaspace       used 76089K, committed 77504K, reserved 1179648K
  class space    used 8121K, committed 8768K, reserved 1048576K
}
Event: 15837.235 GC heap before
{Heap before GC invocations=157 (full 6):
 PSYoungGen      total 4096K, used 3392K [0x00000007eab00000, 0x00000007eb000000, 0x0000000800000000)
  eden space 3072K, 100% used [0x00000007eab00000,0x00000007eae00000,0x00000007eae00000)
  from space 1024K, 31% used [0x00000007eae00000,0x00000007eae50000,0x00000007eaf00000)
  to   space 512K, 0% used [0x00000007eaf80000,0x00000007eaf80000,0x00000007eb000000)
 ParOldGen       total 114688K, used 110456K [0x00000007c0000000, 0x00000007c7000000, 0x00000007eab00000)
  object space 114688K, 96% used [0x00000007c0000000,0x00000007c6bde068,0x00000007c7000000)
 Metaspace       used 76144K, committed 77504K, reserved 1179648K
  class space    used 8123K, committed 8768K, reserved 1048576K
}
Event: 15837.236 GC heap after
{Heap after GC invocations=157 (full 6):
 PSYoungGen      total 3584K, used 480K [0x00000007eab00000, 0x00000007eb000000, 0x0000000800000000)
  eden space 3072K, 0% used [0x00000007eab00000,0x00000007eab00000,0x00000007eae00000)
  from space 512K, 93% used [0x00000007eaf80000,0x00000007eaff8020,0x00000007eb000000)
  to   space 1024K, 0% used [0x00000007eae00000,0x00000007eae00000,0x00000007eaf00000)
 ParOldGen       total 114688K, used 110640K [0x00000007c0000000, 0x00000007c7000000, 0x00000007eab00000)
  object space 114688K, 96% used [0x00000007c0000000,0x00000007c6c0c088,0x00000007c7000000)
 Metaspace       used 76144K, committed 77504K, reserved 1179648K
  class space    used 8123K, committed 8768K, reserved 1048576K
}
Event: 15837.706 GC heap before
{Heap before GC invocations=158 (full 6):
 PSYoungGen      total 3584K, used 3434K [0x00000007eab00000, 0x00000007eb000000, 0x0000000800000000)
  eden space 3072K, 96% used [0x00000007eab00000,0x00000007eade2b68,0x00000007eae00000)
  from space 512K, 93% used [0x00000007eaf80000,0x00000007eaff8020,0x00000007eb000000)
  to   space 1024K, 0% used [0x00000007eae00000,0x00000007eae00000,0x00000007eaf00000)
 ParOldGen       total 114688K, used 110640K [0x00000007c0000000, 0x00000007c7000000, 0x00000007eab00000)
  object space 114688K, 96% used [0x00000007c0000000,0x00000007c6c0c088,0x00000007c7000000)
 Metaspace       used 76266K, committed 77632K, reserved 1179648K
  class space    used 8137K, committed 8768K, reserved 1048576K
}
Event: 15837.708 GC heap after
{Heap after GC invocations=158 (full 6):
 PSYoungGen      total 4096K, used 384K [0x00000007eab00000, 0x00000007eb000000, 0x0000000800000000)
  eden space 3072K, 0% used [0x00000007eab00000,0x00000007eab00000,0x00000007eae00000)
  from space 1024K, 37% used [0x00000007eae00000,0x00000007eae60020,0x00000007eaf00000)
  to   space 512K, 0% used [0x00000007eaf80000,0x00000007eaf80000,0x00000007eb000000)
 ParOldGen       total 114688K, used 111239K [0x00000007c0000000, 0x00000007c7000000, 0x00000007eab00000)
  object space 114688K, 96% used [0x00000007c0000000,0x00000007c6ca1fe8,0x00000007c7000000)
 Metaspace       used 76266K, committed 77632K, reserved 1179648K
  class space    used 8137K, committed 8768K, reserved 1048576K
}
Event: 15837.712 GC heap before
{Heap before GC invocations=159 (full 6):
 PSYoungGen      total 4096K, used 3456K [0x00000007eab00000, 0x00000007eb000000, 0x0000000800000000)
  eden space 3072K, 100% used [0x00000007eab00000,0x00000007eae00000,0x00000007eae00000)
  from space 1024K, 37% used [0x00000007eae00000,0x00000007eae60020,0x00000007eaf00000)
  to   space 512K, 0% used [0x00000007eaf80000,0x00000007eaf80000,0x00000007eb000000)
 ParOldGen       total 114688K, used 111239K [0x00000007c0000000, 0x00000007c7000000, 0x00000007eab00000)
  object space 114688K, 96% used [0x00000007c0000000,0x00000007c6ca1fe8,0x00000007c7000000)
 Metaspace       used 76266K, committed 77632K, reserved 1179648K
  class space    used 8137K, committed 8768K, reserved 1048576K
}
Event: 15837.714 GC heap after
{Heap after GC invocations=159 (full 6):
 PSYoungGen      total 1024K, used 488K [0x00000007eab00000, 0x00000007eb600000, 0x0000000800000000)
  eden space 512K, 0% used [0x00000007eab00000,0x00000007eab00000,0x00000007eab80000)
  from space 512K, 95% used [0x00000007eaf80000,0x00000007eaffa250,0x00000007eb000000)
  to   space 4096K, 0% used [0x00000007eab80000,0x00000007eab80000,0x00000007eaf80000)
 ParOldGen       total 114688K, used 113890K [0x00000007c0000000, 0x00000007c7000000, 0x00000007eab00000)
  object space 114688K, 99% used [0x00000007c0000000,0x00000007c6f38a58,0x00000007c7000000)
 Metaspace       used 76266K, committed 77632K, reserved 1179648K
  class space    used 8137K, committed 8768K, reserved 1048576K
}
Event: 15837.714 GC heap before
{Heap before GC invocations=160 (full 7):
 PSYoungGen      total 1024K, used 488K [0x00000007eab00000, 0x00000007eb600000, 0x0000000800000000)
  eden space 512K, 0% used [0x00000007eab00000,0x00000007eab00000,0x00000007eab80000)
  from space 512K, 95% used [0x00000007eaf80000,0x00000007eaffa250,0x00000007eb000000)
  to   space 4096K, 0% used [0x00000007eab80000,0x00000007eab80000,0x00000007eaf80000)
 ParOldGen       total 114688K, used 113890K [0x00000007c0000000, 0x00000007c7000000, 0x00000007eab00000)
  object space 114688K, 99% used [0x00000007c0000000,0x00000007c6f38a58,0x00000007c7000000)
 Metaspace       used 76266K, committed 77632K, reserved 1179648K
  class space    used 8137K, committed 8768K, reserved 1048576K
}

