# JRE version: OpenJDK Runtime Environment Temurin-17.0.13+11 (17.0.13+11) (build 17.0.13+11)
# Java VM: OpenJDK 64-Bit Server VM Temurin-17.0.13+11 (17.0.13+11, mixed mode, tiered, compressed oops, compressed class ptrs, parallel gc, bsd-amd64)
GC Precious Log:
 CPUs: 16 total, 16 available
 Memory: 16384M
 Large Page Support: Disabled
 NUMA Support: Disabled
 Compressed Oops: Enabled (Zero based)
 Alignments: Space 512K, Generation 512K, Heap 2M
 Heap Min Capacity: 100M
 Heap Initial Capacity: 100M
 Heap Max Capacity: 1G
 Pre-touch: Disabled
 Parallel Workers: 13
Heap:
 PSYoungGen      total 46080K, used 45785K [0x00000007eab00000, 0x00000007ee900000, 0x0000000800000000)
  eden space 33792K, 100% used [0x00000007eab00000,0x00000007ecc00000,0x00000007ecc00000)
  from space 12288K, 97% used [0x00000007edd00000,0x00000007ee8b6680,0x00000007ee900000)
  to   space 14336K, 0% used [0x00000007ecd00000,0x00000007ecd00000,0x00000007edb00000)
 ParOldGen       total 244224K, used 243986K [0x00000007c0000000, 0x00000007cee80000, 0x00000007eab00000)
  object space 244224K, 99% used [0x00000007c0000000,0x00000007cee44b60,0x00000007cee80000)
 Metaspace       used 68506K, committed 69632K, reserved 1114112K
  class space    used 7260K, committed 7744K, reserved 1048576K
GC Heap History (20 events):
Event: 7.454 GC heap after
{Heap after GC invocations=85 (full 8):
 PSYoungGen      total 23552K, used 7665K [0x00000007eab00000, 0x00000007eda00000, 0x0000000800000000)
  eden space 15872K, 0% used [0x00000007eab00000,0x00000007eab00000,0x00000007eba80000)
  from space 7680K, 99% used [0x00000007eba80000,0x00000007ec1fc7e8,0x00000007ec200000)
  to   space 15360K, 0% used [0x00000007ecb00000,0x00000007ecb00000,0x00000007eda00000)
 ParOldGen       total 238592K, used 191921K [0x00000007c0000000, 0x00000007ce900000, 0x00000007eab00000)
  object space 238592K, 80% used [0x00000007c0000000,0x00000007cbb6c6c0,0x00000007ce900000)
 Metaspace       used 68138K, committed 69312K, reserved 1114112K
  class space    used 7235K, committed 7744K, reserved 1048576K
}
Event: 7.489 GC heap before
{Heap before GC invocations=86 (full 8):
 PSYoungGen      total 23552K, used 23537K [0x00000007eab00000, 0x00000007eda00000, 0x0000000800000000)
  eden space 15872K, 100% used [0x00000007eab00000,0x00000007eba80000,0x00000007eba80000)
  from space 7680K, 99% used [0x00000007eba80000,0x00000007ec1fc7e8,0x00000007ec200000)
  to   space 15360K, 0% used [0x00000007ecb00000,0x00000007ecb00000,0x00000007eda00000)
 ParOldGen       total 238592K, used 191921K [0x00000007c0000000, 0x00000007ce900000, 0x00000007eab00000)
  object space 238592K, 80% used [0x00000007c0000000,0x00000007cbb6c6c0,0x00000007ce900000)
 Metaspace       used 68238K, committed 69440K, reserved 1114112K
  class space    used 7239K, committed 7744K, reserved 1048576K
}
Event: 7.500 GC heap after
{Heap after GC invocations=86 (full 8):
 PSYoungGen      total 29696K, used 11314K [0x00000007eab00000, 0x00000007ed680000, 0x0000000800000000)
  eden space 17920K, 0% used [0x00000007eab00000,0x00000007eab00000,0x00000007ebc80000)
  from space 11776K, 96% used [0x00000007ecb00000,0x00000007ed60c950,0x00000007ed680000)
  to   space 12288K, 0% used [0x00000007ebe80000,0x00000007ebe80000,0x00000007eca80000)
 ParOldGen       total 238592K, used 195206K [0x00000007c0000000, 0x00000007ce900000, 0x00000007eab00000)
  object space 238592K, 81% used [0x00000007c0000000,0x00000007cbea1a20,0x00000007ce900000)
 Metaspace       used 68238K, committed 69440K, reserved 1114112K
  class space    used 7239K, committed 7744K, reserved 1048576K
}
Event: 7.537 GC heap before
{Heap before GC invocations=87 (full 8):
 PSYoungGen      total 29696K, used 29234K [0x00000007eab00000, 0x00000007ed680000, 0x0000000800000000)
  eden space 17920K, 100% used [0x00000007eab00000,0x00000007ebc80000,0x00000007ebc80000)
  from space 11776K, 96% used [0x00000007ecb00000,0x00000007ed60c950,0x00000007ed680000)
  to   space 12288K, 0% used [0x00000007ebe80000,0x00000007ebe80000,0x00000007eca80000)
 ParOldGen       total 238592K, used 195206K [0x00000007c0000000, 0x00000007ce900000, 0x00000007eab00000)
  object space 238592K, 81% used [0x00000007c0000000,0x00000007cbea1a20,0x00000007ce900000)
 Metaspace       used 68319K, committed 69504K, reserved 1114112K
  class space    used 7245K, committed 7744K, reserved 1048576K
}
Event: 7.546 GC heap after
{Heap after GC invocations=87 (full 8):
 PSYoungGen      total 32256K, used 12277K [0x00000007eab00000, 0x00000007ee580000, 0x0000000800000000)
  eden space 19968K, 0% used [0x00000007eab00000,0x00000007eab00000,0x00000007ebe80000)
  from space 12288K, 99% used [0x00000007ebe80000,0x00000007eca7d7f0,0x00000007eca80000)
  to   space 19968K, 0% used [0x00000007ed200000,0x00000007ed200000,0x00000007ee580000)
 ParOldGen       total 238592K, used 201404K [0x00000007c0000000, 0x00000007ce900000, 0x00000007eab00000)
  object space 238592K, 84% used [0x00000007c0000000,0x00000007cc4af1e8,0x00000007ce900000)
 Metaspace       used 68319K, committed 69504K, reserved 1114112K
  class space    used 7245K, committed 7744K, reserved 1048576K
}
Event: 7.632 GC heap before
{Heap before GC invocations=88 (full 8):
 PSYoungGen      total 32256K, used 32245K [0x00000007eab00000, 0x00000007ee580000, 0x0000000800000000)
  eden space 19968K, 100% used [0x00000007eab00000,0x00000007ebe80000,0x00000007ebe80000)
  from space 12288K, 99% used [0x00000007ebe80000,0x00000007eca7d7f0,0x00000007eca80000)
  to   space 19968K, 0% used [0x00000007ed200000,0x00000007ed200000,0x00000007ee580000)
 ParOldGen       total 238592K, used 201404K [0x00000007c0000000, 0x00000007ce900000, 0x00000007eab00000)
  object space 238592K, 84% used [0x00000007c0000000,0x00000007cc4af1e8,0x00000007ce900000)
 Metaspace       used 68347K, committed 69504K, reserved 1114112K
  class space    used 7249K, committed 7744K, reserved 1048576K
}
Event: 7.640 GC heap after
{Heap after GC invocations=88 (full 8):
 PSYoungGen      total 29696K, used 7306K [0x00000007eab00000, 0x00000007ed980000, 0x0000000800000000)
  eden space 22016K, 0% used [0x00000007eab00000,0x00000007eab00000,0x00000007ec080000)
  from space 7680K, 95% used [0x00000007ed200000,0x00000007ed922b60,0x00000007ed980000)
  to   space 11776K, 0% used [0x00000007ec280000,0x00000007ec280000,0x00000007ece00000)
 ParOldGen       total 238592K, used 210462K [0x00000007c0000000, 0x00000007ce900000, 0x00000007eab00000)
  object space 238592K, 88% used [0x00000007c0000000,0x00000007ccd87a18,0x00000007ce900000)
 Metaspace       used 68347K, committed 69504K, reserved 1114112K
  class space    used 7249K, committed 7744K, reserved 1048576K
}
Event: 7.728 GC heap before
{Heap before GC invocations=89 (full 8):
 PSYoungGen      total 29696K, used 29322K [0x00000007eab00000, 0x00000007ed980000, 0x0000000800000000)
  eden space 22016K, 100% used [0x00000007eab00000,0x00000007ec080000,0x00000007ec080000)
  from space 7680K, 95% used [0x00000007ed200000,0x00000007ed922b60,0x00000007ed980000)
  to   space 11776K, 0% used [0x00000007ec280000,0x00000007ec280000,0x00000007ece00000)
 ParOldGen       total 238592K, used 210462K [0x00000007c0000000, 0x00000007ce900000, 0x00000007eab00000)
  object space 238592K, 88% used [0x00000007c0000000,0x00000007ccd87a18,0x00000007ce900000)
 Metaspace       used 68347K, committed 69504K, reserved 1114112K
  class space    used 7249K, committed 7744K, reserved 1048576K
}
Event: 7.731 GC heap after
{Heap after GC invocations=89 (full 8):
 PSYoungGen      total 35840K, used 11772K [0x00000007eab00000, 0x00000007edc80000, 0x0000000800000000)
  eden space 24064K, 0% used [0x00000007eab00000,0x00000007eab00000,0x00000007ec280000)
  from space 11776K, 99% used [0x00000007ec280000,0x00000007ecdff278,0x00000007ece00000)
  to   space 13312K, 0% used [0x00000007ecf80000,0x00000007ecf80000,0x00000007edc80000)
 ParOldGen       total 238592K, used 210688K [0x00000007c0000000, 0x00000007ce900000, 0x00000007eab00000)
  object space 238592K, 88% used [0x00000007c0000000,0x00000007ccdc0310,0x00000007ce900000)
 Metaspace       used 68347K, committed 69504K, reserved 1114112K
  class space    used 7249K, committed 7744K, reserved 1048576K
}
Event: 7.806 GC heap before
{Heap before GC invocations=90 (full 8):
 PSYoungGen      total 35840K, used 35836K [0x00000007eab00000, 0x00000007edc80000, 0x0000000800000000)
  eden space 24064K, 100% used [0x00000007eab00000,0x00000007ec280000,0x00000007ec280000)
  from space 11776K, 99% used [0x00000007ec280000,0x00000007ecdff278,0x00000007ece00000)
  to   space 13312K, 0% used [0x00000007ecf80000,0x00000007ecf80000,0x00000007edc80000)
 ParOldGen       total 238592K, used 210688K [0x00000007c0000000, 0x00000007ce900000, 0x00000007eab00000)
  object space 238592K, 88% used [0x00000007c0000000,0x00000007ccdc0310,0x00000007ce900000)
 Metaspace       used 68479K, committed 69632K, reserved 1114112K
  class space    used 7256K, committed 7744K, reserved 1048576K
}
Event: 7.812 GC heap after
{Heap after GC invocations=90 (full 8):
 PSYoungGen      total 37376K, used 10793K [0x00000007eab00000, 0x00000007eda80000, 0x0000000800000000)
  eden space 26112K, 0% used [0x00000007eab00000,0x00000007eab00000,0x00000007ec480000)
  from space 11264K, 95% used [0x00000007ecf80000,0x00000007eda0a6f0,0x00000007eda80000)
  to   space 11264K, 0% used [0x00000007ec480000,0x00000007ec480000,0x00000007ecf80000)
 ParOldGen       total 238592K, used 217418K [0x00000007c0000000, 0x00000007ce900000, 0x00000007eab00000)
  object space 238592K, 91% used [0x00000007c0000000,0x00000007cd452900,0x00000007ce900000)
 Metaspace       used 68479K, committed 69632K, reserved 1114112K
  class space    used 7256K, committed 7744K, reserved 1048576K
}
Event: 7.919 GC heap before
{Heap before GC invocations=91 (full 8):
 PSYoungGen      total 37376K, used 36905K [0x00000007eab00000, 0x00000007eda80000, 0x0000000800000000)
  eden space 26112K, 100% used [0x00000007eab00000,0x00000007ec480000,0x00000007ec480000)
  from space 11264K, 95% used [0x00000007ecf80000,0x00000007eda0a6f0,0x00000007eda80000)
  to   space 11264K, 0% used [0x00000007ec480000,0x00000007ec480000,0x00000007ecf80000)
 ParOldGen       total 238592K, used 217418K [0x00000007c0000000, 0x00000007ce900000, 0x00000007eab00000)
  object space 238592K, 91% used [0x00000007c0000000,0x00000007cd452900,0x00000007ce900000)
 Metaspace       used 68479K, committed 69632K, reserved 1114112K
  class space    used 7256K, committed 7744K, reserved 1048576K
}
Event: 7.926 GC heap after
{Heap after GC invocations=91 (full 8):
 PSYoungGen      total 37376K, used 11262K [0x00000007eab00000, 0x00000007eef80000, 0x0000000800000000)
  eden space 26112K, 0% used [0x00000007eab00000,0x00000007eab00000,0x00000007ec480000)
  from space 11264K, 99% used [0x00000007ec480000,0x00000007ecf7f8a8,0x00000007ecf80000)
  to   space 20992K, 0% used [0x00000007edb00000,0x00000007edb00000,0x00000007eef80000)
 ParOldGen       total 238592K, used 225472K [0x00000007c0000000, 0x00000007ce900000, 0x00000007eab00000)
  object space 238592K, 94% used [0x00000007c0000000,0x00000007cdc30220,0x00000007ce900000)
 Metaspace       used 68479K, committed 69632K, reserved 1114112K
  class space    used 7256K, committed 7744K, reserved 1048576K
}
Event: 7.994 GC heap before
{Heap before GC invocations=92 (full 8):
 PSYoungGen      total 37376K, used 37374K [0x00000007eab00000, 0x00000007eef80000, 0x0000000800000000)
  eden space 26112K, 100% used [0x00000007eab00000,0x00000007ec480000,0x00000007ec480000)
  from space 11264K, 99% used [0x00000007ec480000,0x00000007ecf7f8a8,0x00000007ecf80000)
  to   space 20992K, 0% used [0x00000007edb00000,0x00000007edb00000,0x00000007eef80000)
 ParOldGen       total 238592K, used 225472K [0x00000007c0000000, 0x00000007ce900000, 0x00000007eab00000)
  object space 238592K, 94% used [0x00000007c0000000,0x00000007cdc30220,0x00000007ce900000)
 Metaspace       used 68506K, committed 69632K, reserved 1114112K
  class space    used 7260K, committed 7744K, reserved 1048576K
}
Event: 8.006 GC heap after
{Heap after GC invocations=92 (full 8):
 PSYoungGen      total 40960K, used 12220K [0x00000007eab00000, 0x00000007ee700000, 0x0000000800000000)
  eden space 28672K, 0% used [0x00000007eab00000,0x00000007eab00000,0x00000007ec700000)
  from space 12288K, 99% used [0x00000007edb00000,0x00000007ee6ef000,0x00000007ee700000)
  to   space 14848K, 0% used [0x00000007eca00000,0x00000007eca00000,0x00000007ed880000)
 ParOldGen       total 238592K, used 230642K [0x00000007c0000000, 0x00000007ce900000, 0x00000007eab00000)
  object space 238592K, 96% used [0x00000007c0000000,0x00000007ce13c990,0x00000007ce900000)
 Metaspace       used 68506K, committed 69632K, reserved 1114112K
  class space    used 7260K, committed 7744K, reserved 1048576K
}
Event: 8.094 GC heap before
{Heap before GC invocations=93 (full 8):
 PSYoungGen      total 40960K, used 40892K [0x00000007eab00000, 0x00000007ee700000, 0x0000000800000000)
  eden space 28672K, 100% used [0x00000007eab00000,0x00000007ec700000,0x00000007ec700000)
  from space 12288K, 99% used [0x00000007edb00000,0x00000007ee6ef000,0x00000007ee700000)
  to   space 14848K, 0% used [0x00000007eca00000,0x00000007eca00000,0x00000007ed880000)
 ParOldGen       total 238592K, used 230642K [0x00000007c0000000, 0x00000007ce900000, 0x00000007eab00000)
  object space 238592K, 96% used [0x00000007c0000000,0x00000007ce13c990,0x00000007ce900000)
 Metaspace       used 68506K, committed 69632K, reserved 1114112K
  class space    used 7260K, committed 7744K, reserved 1048576K
}
Event: 8.102 GC heap after
{Heap after GC invocations=93 (full 8):
 PSYoungGen      total 46080K, used 14817K [0x00000007eab00000, 0x00000007ef080000, 0x0000000800000000)
  eden space 31232K, 0% used [0x00000007eab00000,0x00000007eab00000,0x00000007ec980000)
  from space 14848K, 99% used [0x00000007eca00000,0x00000007ed878528,0x00000007ed880000)
  to   space 19968K, 0% used [0x00000007edd00000,0x00000007edd00000,0x00000007ef080000)
 ParOldGen       total 238592K, used 234194K [0x00000007c0000000, 0x00000007ce900000, 0x00000007eab00000)
  object space 238592K, 98% used [0x00000007c0000000,0x00000007ce4b4870,0x00000007ce900000)
 Metaspace       used 68506K, committed 69632K, reserved 1114112K
  class space    used 7260K, committed 7744K, reserved 1048576K
}
Event: 8.210 GC heap before
{Heap before GC invocations=94 (full 8):
 PSYoungGen      total 46080K, used 46049K [0x00000007eab00000, 0x00000007ef080000, 0x0000000800000000)
  eden space 31232K, 100% used [0x00000007eab00000,0x00000007ec980000,0x00000007ec980000)
  from space 14848K, 99% used [0x00000007eca00000,0x00000007ed878528,0x00000007ed880000)
  to   space 19968K, 0% used [0x00000007edd00000,0x00000007edd00000,0x00000007ef080000)
 ParOldGen       total 238592K, used 234194K [0x00000007c0000000, 0x00000007ce900000, 0x00000007eab00000)
  object space 238592K, 98% used [0x00000007c0000000,0x00000007ce4b4870,0x00000007ce900000)
 Metaspace       used 68506K, committed 69632K, reserved 1114112K
  class space    used 7260K, committed 7744K, reserved 1048576K
}
Event: 8.221 GC heap after
{Heap after GC invocations=94 (full 8):
 PSYoungGen      total 46080K, used 11993K [0x00000007eab00000, 0x00000007ee900000, 0x0000000800000000)
  eden space 33792K, 0% used [0x00000007eab00000,0x00000007eab00000,0x00000007ecc00000)
  from space 12288K, 97% used [0x00000007edd00000,0x00000007ee8b6680,0x00000007ee900000)
  to   space 14336K, 0% used [0x00000007ecd00000,0x00000007ecd00000,0x00000007edb00000)
 ParOldGen       total 244224K, used 243986K [0x00000007c0000000, 0x00000007cee80000, 0x00000007eab00000)
  object space 244224K, 99% used [0x00000007c0000000,0x00000007cee44b60,0x00000007cee80000)
 Metaspace       used 68506K, committed 69632K, reserved 1114112K
  class space    used 7260K, committed 7744K, reserved 1048576K
}
Event: 8.315 GC heap before
{Heap before GC invocations=95 (full 9):
 PSYoungGen      total 46080K, used 45785K [0x00000007eab00000, 0x00000007ee900000, 0x0000000800000000)
  eden space 33792K, 100% used [0x00000007eab00000,0x00000007ecc00000,0x00000007ecc00000)
  from space 12288K, 97% used [0x00000007edd00000,0x00000007ee8b6680,0x00000007ee900000)
  to   space 14336K, 0% used [0x00000007ecd00000,0x00000007ecd00000,0x00000007edb00000)
 ParOldGen       total 244224K, used 243986K [0x00000007c0000000, 0x00000007cee80000, 0x00000007eab00000)
  object space 244224K, 99% used [0x00000007c0000000,0x00000007cee44b60,0x00000007cee80000)
 Metaspace       used 68506K, committed 69632K, reserved 1114112K
  class space    used 7260K, committed 7744K, reserved 1048576K
}

